<?xml version="1.0" encoding="UTF-8"?>
<testng-results ignored="0" total="1" passed="1" failed="0" skipped="0">
  <reporter-output>
  </reporter-output>
  <suite started-at="2024-07-19T23:39:26 EDT" name="Default suite" finished-at="2024-07-19T23:39:33 EDT" duration-ms="7141">
    <groups>
    </groups>
    <test started-at="2024-07-19T23:39:26 EDT" name="Default test" finished-at="2024-07-19T23:39:33 EDT" duration-ms="7141">
      <class name="com.nopCommerce.TestCases.CheckoutTest">
        <test-method is-config="true" signature="checkoutSetup()[pri:0, instance:com.nopCommerce.TestCases.CheckoutTest@6302bbb1]" started-at="2024-07-19T23:39:26 EDT" name="checkoutSetup" finished-at="2024-07-19T23:39:32 EDT" duration-ms="6326" status="PASS">
          <reporter-output>
          </reporter-output>
        </test-method> <!-- checkoutSetup -->
        <test-method signature="verifyProductCheckout()[pri:1, instance:com.nopCommerce.TestCases.CheckoutTest@6302bbb1]" started-at="2024-07-19T23:39:32 EDT" name="verifyProductCheckout" finished-at="2024-07-19T23:39:33 EDT" duration-ms="582" status="PASS">
          <reporter-output>
          </reporter-output>
        </test-method> <!-- verifyProductCheckout -->
        <test-method is-config="true" signature="tearDown()[pri:0, instance:com.nopCommerce.TestCases.CheckoutTest@6302bbb1]" started-at="2024-07-19T23:39:33 EDT" name="tearDown" finished-at="2024-07-19T23:39:33 EDT" duration-ms="193" status="PASS">
          <reporter-output>
          </reporter-output>
        </test-method> <!-- tearDown -->
      </class> <!-- com.nopCommerce.TestCases.CheckoutTest -->
    </test> <!-- Default test -->
  </suite> <!-- Default suite -->
</testng-results>
