<?xml version="1.0" encoding="UTF-8"?>
<testng-results ignored="0" total="1" passed="1" failed="0" skipped="0">
  <reporter-output>
  </reporter-output>
  <suite started-at="2024-07-20T11:37:16 EDT" name="Default suite" finished-at="2024-07-20T11:37:19 EDT" duration-ms="3625">
    <groups>
    </groups>
    <test started-at="2024-07-20T11:37:16 EDT" name="Default test" finished-at="2024-07-20T11:37:19 EDT" duration-ms="3625">
      <class name="com.nopCommerce.TestCases.CheckoutTest">
        <test-method is-config="true" signature="checkoutSetup()[pri:0, instance:com.nopCommerce.TestCases.CheckoutTest@6302bbb1]" started-at="2024-07-20T11:37:16 EDT" name="checkoutSetup" finished-at="2024-07-20T11:37:18 EDT" duration-ms="2817" status="PASS">
          <reporter-output>
          </reporter-output>
        </test-method> <!-- checkoutSetup -->
        <test-method signature="verifyProductCheckout()[pri:1, instance:com.nopCommerce.TestCases.CheckoutTest@6302bbb1]" started-at="2024-07-20T11:37:18 EDT" name="verifyProductCheckout" finished-at="2024-07-20T11:37:19 EDT" duration-ms="610" status="PASS">
          <reporter-output>
          </reporter-output>
        </test-method> <!-- verifyProductCheckout -->
        <test-method is-config="true" signature="tearDown()[pri:0, instance:com.nopCommerce.TestCases.CheckoutTest@6302bbb1]" started-at="2024-07-20T11:37:19 EDT" name="tearDown" finished-at="2024-07-20T11:37:19 EDT" duration-ms="148" status="PASS">
          <reporter-output>
          </reporter-output>
        </test-method> <!-- tearDown -->
      </class> <!-- com.nopCommerce.TestCases.CheckoutTest -->
    </test> <!-- Default test -->
  </suite> <!-- Default suite -->
</testng-results>
